android_acm_serial/build/outputs/logs/manifest-merger-release-report.txt
-- Merging decision tree log ---
manifest
ADDED from android_core/android_acm_serial/AndroidManifest.xml:2:1-57
INJECTED from android_core/android_acm_serial/AndroidManifest.xml:2:1-57
INJECTED from android_core/android_acm_serial/AndroidManifest.xml:2:1-57
INJECTED from android_core/android_acm_serial/AndroidManifest.xml:2:1-57
INJECTED from android_core/android_acm_serial/AndroidManifest.xml:2:1-57
INJECTED from android_core/android_acm_serial/AndroidManifest.xml:2:1-57
INJECTED from android_core/android_acm_serial/AndroidManifest.xml:2:1-57
	package
		ADDED from android_core/android_acm_serial/AndroidManifest.xml:2:11-55
		INJECTED from android_core/android_acm_serial/AndroidManifest.xml
		INJECTED from android_core/android_acm_serial/AndroidManifest.xml
	android:versionName
		INJECTED from android_core/android_acm_serial/AndroidManifest.xml
		ADDED from android_core/android_acm_serial/AndroidManifest.xml:2:1-57
		INJECTED from android_core/android_acm_serial/AndroidManifest.xml
	xmlns:android
		ADDED from android_core/android_acm_serial/AndroidManifest.xml:2:1-57
	android:versionCode
		INJECTED from android_core/android_acm_serial/AndroidManifest.xml
		ADDED from android_core/android_acm_serial/AndroidManifest.xml:2:1-57
		INJECTED from android_core/android_acm_serial/AndroidManifest.xml
uses-sdk
INJECTED from android_core/android_acm_serial/AndroidManifest.xml reason: use-sdk injection requested
INJECTED from android_core/android_acm_serial/AndroidManifest.xml
INJECTED from android_core/android_acm_serial/AndroidManifest.xml
INJECTED from android_core/android_acm_serial/AndroidManifest.xml
INJECTED from android_core/android_acm_serial/AndroidManifest.xml
	android:targetSdkVersion
		INJECTED from android_core/android_acm_serial/AndroidManifest.xml
		ADDED from android_core/android_acm_serial/AndroidManifest.xml
		INJECTED from android_core/android_acm_serial/AndroidManifest.xml
	android:minSdkVersion
		INJECTED from android_core/android_acm_serial/AndroidManifest.xml
		ADDED from android_core/android_acm_serial/AndroidManifest.xml
		INJECTED from android_core/android_acm_serial/AndroidManifest.xml